<?xml version="1.0" encoding="UTF-8"?>
<coverage generated="1708936145435" clover="3.2.0">
  <project timestamp="1708936145436" name="All files">
    <metrics statements="14" coveredstatements="13" conditionals="5" coveredconditionals="5" methods="5" coveredmethods="4" elements="24" coveredelements="22" complexity="0" loc="14" ncloc="14" packages="1" files="1" classes="1"/>
    <file name="index.ts" path="C:\Users\satoshi_takami\Umni\src\index.ts">
      <metrics statements="14" coveredstatements="13" conditionals="5" coveredconditionals="5" methods="5" coveredmethods="4"/>
      <line num="5" count="1" type="stmt"/>
      <line num="7" count="1" type="stmt"/>
      <line num="8" count="2" type="stmt"/>
      <line num="9" count="2" type="stmt"/>
      <line num="10" count="2" type="stmt"/>
      <line num="11" count="2" type="stmt"/>
      <line num="12" count="2" type="stmt"/>
      <line num="13" count="2" type="cond" truecount="5" falsecount="0"/>
      <line num="14" count="2" type="stmt"/>
      <line num="16" count="2" type="stmt"/>
      <line num="19" count="2" type="stmt"/>
      <line num="20" count="4" type="stmt"/>
      <line num="21" count="0" type="stmt"/>
      <line num="22" count="2" type="stmt"/>
    </file>
  </project>
</coverage>
