{"C:\\Users\\satoshi_takami\\Umni\\src\\index.ts": {"path":"C:\\Users\\satoshi_takami\\Umni\\src\\index.ts","statementMap":{"0":{"start":{"line":5,"column":0},"end":{"line":5,"column":36}},"1":{"start":{"line":7,"column":0},"end":{"line":25,"column":3}},"2":{"start":{"line":8,"column":17},"end":{"line":8,"column":80}},"3":{"start":{"line":9,"column":21},"end":{"line":9,"column":123}},"4":{"start":{"line":10,"column":26},"end":{"line":10,"column":96}},"5":{"start":{"line":11,"column":34},"end":{"line":11,"column":107}},"6":{"start":{"line":12,"column":27},"end":{"line":12,"column":102}},"7":{"start":{"line":13,"column":2},"end":{"line":24,"column":3}},"8":{"start":{"line":14,"column":4},"end":{"line":23,"column":7}},"9":{"start":{"line":14,"column":57},"end":{"line":23,"column":6}},"10":{"start":{"line":16,"column":6},"end":{"line":16,"column":44}},"11":{"start":{"line":19,"column":34},"end":{"line":21,"column":40}},"12":{"start":{"line":20,"column":28},"end":{"line":20,"column":44}},"13":{"start":{"line":21,"column":25},"end":{"line":21,"column":39}},"14":{"start":{"line":22,"column":6},"end":{"line":22,"column":103}}},"fnMap":{"0":{"name":"(anonymous_8)","decl":{"start":{"line":7,"column":46},"end":{"line":7,"column":49}},"loc":{"start":{"line":7,"column":51},"end":{"line":25,"column":1}}},"1":{"name":"(anonymous_9)","decl":{"start":{"line":14,"column":46},"end":{"line":14,"column":55}},"loc":{"start":{"line":14,"column":57},"end":{"line":23,"column":6}}},"2":{"name":"(anonymous_10)","decl":{"start":{"line":14,"column":57},"end":{"line":14,"column":null}},"loc":{"start":{"line":14,"column":57},"end":{"line":23,"column":5}}},"3":{"name":"(anonymous_11)","decl":{"start":{"line":20,"column":16},"end":{"line":20,"column":24}},"loc":{"start":{"line":20,"column":28},"end":{"line":20,"column":44}}},"4":{"name":"(anonymous_12)","decl":{"start":{"line":21,"column":13},"end":{"line":21,"column":21}},"loc":{"start":{"line":21,"column":25},"end":{"line":21,"column":39}}}},"branchMap":{"0":{"loc":{"start":{"line":13,"column":2},"end":{"line":24,"column":3}},"type":"if","locations":[{"start":{"line":13,"column":2},"end":{"line":24,"column":3}}]},"1":{"loc":{"start":{"line":13,"column":6},"end":{"line":13,"column":78}},"type":"binary-expr","locations":[{"start":{"line":13,"column":6},"end":{"line":13,"column":12}},{"start":{"line":13,"column":16},"end":{"line":13,"column":31}},{"start":{"line":13,"column":35},"end":{"line":13,"column":58}},{"start":{"line":13,"column":62},"end":{"line":13,"column":78}}]}},"s":{"0":1,"1":1,"2":2,"3":2,"4":2,"5":2,"6":2,"7":2,"8":2,"9":2,"10":2,"11":2,"12":4,"13":0,"14":2},"f":{"0":2,"1":2,"2":2,"3":4,"4":0},"b":{"0":[2],"1":[2,2,2,2]}}
}
