{"/home/runner/work/Umni/Umni/src/index.ts": {"path":"/home/runner/work/Umni/Umni/src/index.ts","statementMap":{"0":{"start":{"line":5,"column":0},"end":{"line":5,"column":36}},"1":{"start":{"line":7,"column":0},"end":{"line":31,"column":3}},"2":{"start":{"line":8,"column":17},"end":{"line":8,"column":80}},"3":{"start":{"line":9,"column":21},"end":{"line":9,"column":123}},"4":{"start":{"line":10,"column":26},"end":{"line":10,"column":96}},"5":{"start":{"line":11,"column":24},"end":{"line":11,"column":92}},"6":{"start":{"line":12,"column":34},"end":{"line":12,"column":107}},"7":{"start":{"line":13,"column":27},"end":{"line":13,"column":102}},"8":{"start":{"line":15,"column":2},"end":{"line":30,"column":3}},"9":{"start":{"line":16,"column":4},"end":{"line":25,"column":7}},"10":{"start":{"line":16,"column":57},"end":{"line":25,"column":6}},"11":{"start":{"line":18,"column":6},"end":{"line":18,"column":44}},"12":{"start":{"line":21,"column":34},"end":{"line":23,"column":40}},"13":{"start":{"line":22,"column":28},"end":{"line":22,"column":44}},"14":{"start":{"line":23,"column":25},"end":{"line":23,"column":39}},"15":{"start":{"line":24,"column":6},"end":{"line":24,"column":103}},"16":{"start":{"line":27,"column":4},"end":{"line":29,"column":7}},"17":{"start":{"line":28,"column":6},"end":{"line":28,"column":44}}},"fnMap":{"0":{"name":"(anonymous_8)","decl":{"start":{"line":7,"column":46},"end":{"line":7,"column":49}},"loc":{"start":{"line":7,"column":51},"end":{"line":31,"column":1}}},"1":{"name":"(anonymous_9)","decl":{"start":{"line":16,"column":46},"end":{"line":16,"column":55}},"loc":{"start":{"line":16,"column":57},"end":{"line":25,"column":6}}},"2":{"name":"(anonymous_10)","decl":{"start":{"line":16,"column":57},"end":{"line":16,"column":null}},"loc":{"start":{"line":16,"column":57},"end":{"line":25,"column":5}}},"3":{"name":"(anonymous_11)","decl":{"start":{"line":22,"column":16},"end":{"line":22,"column":24}},"loc":{"start":{"line":22,"column":28},"end":{"line":22,"column":44}}},"4":{"name":"(anonymous_12)","decl":{"start":{"line":23,"column":13},"end":{"line":23,"column":21}},"loc":{"start":{"line":23,"column":25},"end":{"line":23,"column":39}}},"5":{"name":"(anonymous_13)","decl":{"start":{"line":27,"column":44},"end":{"line":27,"column":47}},"loc":{"start":{"line":27,"column":49},"end":{"line":29,"column":5}}}},"branchMap":{"0":{"loc":{"start":{"line":15,"column":2},"end":{"line":30,"column":3}},"type":"if","locations":[{"start":{"line":15,"column":2},"end":{"line":30,"column":3}}]},"1":{"loc":{"start":{"line":15,"column":6},"end":{"line":15,"column":95}},"type":"binary-expr","locations":[{"start":{"line":15,"column":6},"end":{"line":15,"column":12}},{"start":{"line":15,"column":16},"end":{"line":15,"column":31}},{"start":{"line":15,"column":35},"end":{"line":15,"column":58}},{"start":{"line":15,"column":62},"end":{"line":15,"column":78}},{"start":{"line":15,"column":82},"end":{"line":15,"column":95}}]}},"s":{"0":1,"1":1,"2":4,"3":4,"4":4,"5":4,"6":4,"7":4,"8":4,"9":4,"10":3,"11":3,"12":3,"13":6,"14":1,"15":3,"16":4,"17":1},"f":{"0":4,"1":3,"2":3,"3":6,"4":1,"5":1},"b":{"0":[4],"1":[4,4,4,4,4]}}
,"/home/runner/work/Umni/Umni/src/replacements.ts": {"path":"/home/runner/work/Umni/Umni/src/replacements.ts","statementMap":{"0":{"start":{"line":15,"column":2},"end":{"line":39,"column":3}},"1":{"start":{"line":16,"column":21},"end":{"line":16,"column":42}},"2":{"start":{"line":17,"column":4},"end":{"line":19,"column":5}},"3":{"start":{"line":18,"column":6},"end":{"line":18,"column":77}},"4":{"start":{"line":20,"column":17},"end":{"line":20,"column":38}},"5":{"start":{"line":21,"column":18},"end":{"line":21,"column":34}},"6":{"start":{"line":22,"column":25},"end":{"line":22,"column":50}},"7":{"start":{"line":24,"column":4},"end":{"line":33,"column":5}},"8":{"start":{"line":25,"column":20},"end":{"line":25,"column":35}},"9":{"start":{"line":26,"column":6},"end":{"line":30,"column":7}},"10":{"start":{"line":28,"column":8},"end":{"line":28,"column":57}},"11":{"start":{"line":29,"column":8},"end":{"line":29,"column":17}},"12":{"start":{"line":31,"column":38},"end":{"line":31,"column":63}},"13":{"start":{"line":32,"column":6},"end":{"line":32,"column":69}},"14":{"start":{"line":35,"column":4},"end":{"line":35,"column":24}},"15":{"start":{"line":37,"column":4},"end":{"line":37,"column":76}},"16":{"start":{"line":38,"column":4},"end":{"line":38,"column":16}},"17":{"start":{"line":14,"column":0},"end":{"line":14,"column":22}}},"fnMap":{"0":{"name":"loadReplacements","decl":{"start":{"line":14,"column":22},"end":{"line":14,"column":38}},"loc":{"start":{"line":14,"column":60},"end":{"line":40,"column":null}}}},"branchMap":{"0":{"loc":{"start":{"line":17,"column":4},"end":{"line":19,"column":5}},"type":"if","locations":[{"start":{"line":17,"column":4},"end":{"line":19,"column":5}}]},"1":{"loc":{"start":{"line":26,"column":6},"end":{"line":30,"column":7}},"type":"if","locations":[{"start":{"line":26,"column":6},"end":{"line":30,"column":7}}]}},"s":{"0":5,"1":5,"2":5,"3":2,"4":3,"5":3,"6":3,"7":3,"8":8,"9":8,"10":2,"11":2,"12":6,"13":6,"14":3,"15":2,"16":2,"17":2},"f":{"0":5},"b":{"0":[2],"1":[2]}}
,"/home/runner/work/Umni/Umni/src/translate.ts": {"path":"/home/runner/work/Umni/Umni/src/translate.ts","statementMap":{"0":{"start":{"line":5,"column":0},"end":{"line":5,"column":50}},"1":{"start":{"line":8,"column":21},"end":{"line":8,"column":46}},"2":{"start":{"line":9,"column":25},"end":{"line":9,"column":50}},"3":{"start":{"line":10,"column":16},"end":{"line":10,"column":17}},"4":{"start":{"line":11,"column":27},"end":{"line":11,"column":60}},"5":{"start":{"line":14,"column":2},"end":{"line":28,"column":3}},"6":{"start":{"line":15,"column":29},"end":{"line":15,"column":61}},"7":{"start":{"line":19,"column":4},"end":{"line":27,"column":7}},"8":{"start":{"line":22,"column":20},"end":{"line":22,"column":102}},"9":{"start":{"line":24,"column":6},"end":{"line":24,"column":41}},"10":{"start":{"line":26,"column":6},"end":{"line":26,"column":37}},"11":{"start":{"line":31,"column":33},"end":{"line":32,"column":46}},"12":{"start":{"line":32,"column":20},"end":{"line":32,"column":45}},"13":{"start":{"line":34,"column":2},"end":{"line":56,"column":5}},"14":{"start":{"line":35,"column":4},"end":{"line":55,"column":5}},"15":{"start":{"line":37,"column":21},"end":{"line":37,"column":26}},"16":{"start":{"line":38,"column":6},"end":{"line":45,"column":9}},"17":{"start":{"line":39,"column":8},"end":{"line":44,"column":9}},"18":{"start":{"line":40,"column":10},"end":{"line":40,"column":26}},"19":{"start":{"line":41,"column":10},"end":{"line":41,"column":74}},"20":{"start":{"line":43,"column":10},"end":{"line":43,"column":23}},"21":{"start":{"line":48,"column":6},"end":{"line":54,"column":9}},"22":{"start":{"line":49,"column":8},"end":{"line":53,"column":9}},"23":{"start":{"line":50,"column":10},"end":{"line":50,"column":74}},"24":{"start":{"line":52,"column":10},"end":{"line":52,"column":23}},"25":{"start":{"line":59,"column":2},"end":{"line":62,"column":7}},"26":{"start":{"line":61,"column":6},"end":{"line":61,"column":111}},"27":{"start":{"line":65,"column":2},"end":{"line":65,"column":34}},"28":{"start":{"line":66,"column":2},"end":{"line":66,"column":14}},"29":{"start":{"line":68,"column":2},"end":{"line":68,"column":27}}},"fnMap":{"0":{"name":"translate","decl":{"start":{"line":7,"column":15},"end":{"line":7,"column":24}},"loc":{"start":{"line":7,"column":102},"end":{"line":67,"column":null}}},"1":{"name":"(anonymous_9)","decl":{"start":{"line":19,"column":29},"end":{"line":19,"column":30}},"loc":{"start":{"line":19,"column":42},"end":{"line":27,"column":5}}},"2":{"name":"(anonymous_10)","decl":{"start":{"line":32,"column":10},"end":{"line":32,"column":11}},"loc":{"start":{"line":32,"column":20},"end":{"line":32,"column":45}}},"3":{"name":"(anonymous_11)","decl":{"start":{"line":34,"column":33},"end":{"line":34,"column":34}},"loc":{"start":{"line":34,"column":61},"end":{"line":56,"column":3}}},"4":{"name":"(anonymous_12)","decl":{"start":{"line":38,"column":53},"end":{"line":38,"column":54}},"loc":{"start":{"line":38,"column":63},"end":{"line":45,"column":7}}},"5":{"name":"(anonymous_13)","decl":{"start":{"line":48,"column":53},"end":{"line":48,"column":54}},"loc":{"start":{"line":48,"column":63},"end":{"line":54,"column":7}}},"6":{"name":"(anonymous_14)","decl":{"start":{"line":60,"column":13},"end":{"line":60,"column":14}},"loc":{"start":{"line":60,"column":41},"end":{"line":62,"column":5}}}},"branchMap":{"0":{"loc":{"start":{"line":35,"column":4},"end":{"line":55,"column":5}},"type":"if","locations":[{"start":{"line":35,"column":4},"end":{"line":55,"column":5}},{"start":{"line":46,"column":11},"end":{"line":55,"column":5}}]},"1":{"loc":{"start":{"line":39,"column":8},"end":{"line":44,"column":9}},"type":"if","locations":[{"start":{"line":39,"column":8},"end":{"line":44,"column":9}},{"start":{"line":42,"column":15},"end":{"line":44,"column":9}}]},"2":{"loc":{"start":{"line":39,"column":12},"end":{"line":39,"column":66}},"type":"binary-expr","locations":[{"start":{"line":39,"column":12},"end":{"line":39,"column":21}},{"start":{"line":39,"column":25},"end":{"line":39,"column":66}}]},"3":{"loc":{"start":{"line":49,"column":8},"end":{"line":53,"column":9}},"type":"if","locations":[{"start":{"line":49,"column":8},"end":{"line":53,"column":9}},{"start":{"line":51,"column":15},"end":{"line":53,"column":9}}]}},"s":{"0":1,"1":7,"2":7,"3":7,"4":7,"5":7,"6":7,"7":7,"8":9,"9":9,"10":9,"11":7,"12":2,"13":7,"14":9,"15":4,"16":4,"17":4,"18":3,"19":3,"20":1,"21":5,"22":6,"23":5,"24":1,"25":7,"26":9,"27":7,"28":7,"29":1},"f":{"0":7,"1":9,"2":2,"3":9,"4":4,"5":6,"6":9},"b":{"0":[4,5],"1":[3,1],"2":[4,4],"3":[5,1]}}
}
