TN:
SF:src/index.ts
FN:7,(anonymous_8)
FN:16,(anonymous_9)
FN:16,(anonymous_10)
FN:22,(anonymous_11)
FN:23,(anonymous_12)
FN:27,(anonymous_13)
FNF:6
FNH:6
FNDA:4,(anonymous_8)
FNDA:3,(anonymous_9)
FNDA:3,(anonymous_10)
FNDA:6,(anonymous_11)
FNDA:1,(anonymous_12)
FNDA:1,(anonymous_13)
DA:5,1
DA:7,1
DA:8,4
DA:9,4
DA:10,4
DA:11,4
DA:12,4
DA:13,4
DA:15,4
DA:16,4
DA:18,3
DA:21,3
DA:22,6
DA:23,1
DA:24,3
DA:27,4
DA:28,1
LF:17
LH:17
BRDA:15,0,0,4
BRDA:15,1,0,4
BRDA:15,1,1,4
BRDA:15,1,2,4
BRDA:15,1,3,4
BRDA:15,1,4,4
BRF:6
BRH:6
end_of_record
TN:
SF:src/replacements.ts
FN:14,loadReplacements
FNF:1
FNH:1
FNDA:5,loadReplacements
DA:14,2
DA:15,5
DA:16,5
DA:17,5
DA:18,2
DA:20,3
DA:21,3
DA:22,3
DA:24,3
DA:25,8
DA:26,8
DA:28,2
DA:29,2
DA:31,6
DA:32,6
DA:35,3
DA:37,2
DA:38,2
LF:18
LH:18
BRDA:17,0,0,2
BRDA:26,1,0,2
BRF:2
BRH:2
end_of_record
TN:
SF:src/translate.ts
FN:7,translate
FN:19,(anonymous_9)
FN:32,(anonymous_10)
FN:34,(anonymous_11)
FN:38,(anonymous_12)
FN:48,(anonymous_13)
FN:60,(anonymous_14)
FNF:7
FNH:7
FNDA:7,translate
FNDA:9,(anonymous_9)
FNDA:2,(anonymous_10)
FNDA:9,(anonymous_11)
FNDA:4,(anonymous_12)
FNDA:6,(anonymous_13)
FNDA:9,(anonymous_14)
DA:5,1
DA:8,7
DA:9,7
DA:10,7
DA:11,7
DA:14,7
DA:15,7
DA:19,7
DA:22,9
DA:24,9
DA:26,9
DA:31,7
DA:32,2
DA:34,7
DA:35,9
DA:37,4
DA:38,4
DA:39,4
DA:40,3
DA:41,3
DA:43,1
DA:48,5
DA:49,6
DA:50,5
DA:52,1
DA:59,7
DA:61,9
DA:65,7
DA:66,7
DA:68,1
LF:30
LH:30
BRDA:35,0,0,4
BRDA:35,0,1,5
BRDA:39,1,0,3
BRDA:39,1,1,1
BRDA:39,2,0,4
BRDA:39,2,1,4
BRDA:49,3,0,5
BRDA:49,3,1,1
BRF:8
BRH:8
end_of_record
