TN:
SF:src\index.ts
FN:7,(anonymous_1)
FN:13,(anonymous_2)
FNF:2
FNH:2
FNDA:2,(anonymous_1)
FNDA:2,(anonymous_2)
DA:5,1
DA:7,1
DA:8,2
DA:9,2
DA:10,2
DA:11,2
DA:12,2
DA:13,2
LF:8
LH:8
BRDA:12,0,0,2
BRDA:12,1,0,2
BRDA:12,1,1,2
BRDA:12,1,2,2
BRF:4
BRH:4
end_of_record
TN:
SF:src\replacements.ts
FN:14,loadReplacements
FNF:1
FNH:0
FNDA:0,loadReplacements
DA:14,1
DA:15,0
DA:16,0
DA:17,0
DA:18,0
DA:20,0
DA:21,0
DA:22,0
DA:24,0
DA:25,0
DA:26,0
DA:28,0
DA:29,0
DA:31,0
DA:32,0
DA:35,0
DA:37,0
DA:38,0
LF:18
LH:1
BRDA:17,0,0,0
BRDA:26,1,0,0
BRF:2
BRH:0
end_of_record
TN:
SF:src\translate.ts
FN:7,translate
FN:20,(anonymous_9)
FN:37,(anonymous_10)
FN:39,(anonymous_11)
FN:43,(anonymous_12)
FN:53,(anonymous_13)
FN:65,(anonymous_14)
FNF:7
FNH:5
FNDA:2,translate
FNDA:2,(anonymous_9)
FNDA:0,(anonymous_10)
FNDA:2,(anonymous_11)
FNDA:2,(anonymous_12)
FNDA:0,(anonymous_13)
FNDA:2,(anonymous_14)
DA:5,1
DA:8,2
DA:9,2
DA:10,2
DA:11,2
DA:14,2
DA:15,2
DA:16,2
DA:20,2
DA:23,2
DA:25,2
DA:27,2
DA:32,2
DA:33,2
DA:36,2
DA:37,0
DA:39,2
DA:40,2
DA:42,2
DA:43,2
DA:44,2
DA:45,2
DA:46,2
DA:48,0
DA:53,0
DA:54,0
DA:55,0
DA:57,0
DA:64,2
DA:66,2
DA:70,2
DA:71,2
DA:74,1
LF:33
LH:27
BRDA:11,0,0,2
BRDA:11,0,1,0
BRDA:15,1,0,2
BRDA:32,2,0,2
BRDA:40,3,0,2
BRDA:40,3,1,0
BRDA:44,4,0,2
BRDA:44,4,1,0
BRDA:44,5,0,2
BRDA:44,5,1,2
BRDA:54,6,0,0
BRDA:54,6,1,0
BRF:12
BRH:7
end_of_record
